{"/Users/sanketsingh/Developer/ecommerce_api_app/controllers/category.controller.js": {"path":"/Users/sanketsingh/Developer/ecommerce_api_app/controllers/category.controller.js","statementMap":{"0":{"start":{"line":1,"column":24},"end":{"line":1,"column":63}},"1":{"start":{"line":2,"column":10},"end":{"line":2,"column":27}},"2":{"start":{"line":4,"column":20},"end":{"line":9,"column":1}},"3":{"start":{"line":11,"column":23},"end":{"line":22,"column":1}},"4":{"start":{"line":12,"column":21},"end":{"line":12,"column":59}},"5":{"start":{"line":13,"column":4},"end":{"line":15,"column":5}},"6":{"start":{"line":14,"column":8},"end":{"line":14,"column":49}},"7":{"start":{"line":16,"column":4},"end":{"line":21,"column":7}},"8":{"start":{"line":24,"column":25},"end":{"line":45,"column":1}},"9":{"start":{"line":26,"column":4},"end":{"line":30,"column":5}},"10":{"start":{"line":27,"column":8},"end":{"line":27,"column":67}},"11":{"start":{"line":29,"column":8},"end":{"line":29,"column":50}},"12":{"start":{"line":31,"column":4},"end":{"line":38,"column":5}},"13":{"start":{"line":32,"column":8},"end":{"line":37,"column":11}},"14":{"start":{"line":39,"column":4},"end":{"line":44,"column":6}},"15":{"start":{"line":48,"column":24},"end":{"line":59,"column":1}},"16":{"start":{"line":49,"column":21},"end":{"line":49,"column":65}},"17":{"start":{"line":50,"column":4},"end":{"line":52,"column":5}},"18":{"start":{"line":51,"column":8},"end":{"line":51,"column":49}},"19":{"start":{"line":53,"column":4},"end":{"line":58,"column":7}},"20":{"start":{"line":61,"column":23},"end":{"line":77,"column":1}},"21":{"start":{"line":62,"column":21},"end":{"line":62,"column":74}},"22":{"start":{"line":63,"column":4},"end":{"line":67,"column":5}},"23":{"start":{"line":64,"column":8},"end":{"line":64,"column":74}},"24":{"start":{"line":65,"column":8},"end":{"line":65,"column":62}},"25":{"start":{"line":66,"column":8},"end":{"line":66,"column":49}},"26":{"start":{"line":68,"column":4},"end":{"line":70,"column":5}},"27":{"start":{"line":69,"column":8},"end":{"line":69,"column":49}},"28":{"start":{"line":71,"column":4},"end":{"line":76,"column":7}},"29":{"start":{"line":79,"column":23},"end":{"line":90,"column":1}},"30":{"start":{"line":80,"column":21},"end":{"line":80,"column":65}},"31":{"start":{"line":81,"column":4},"end":{"line":83,"column":5}},"32":{"start":{"line":82,"column":8},"end":{"line":82,"column":49}},"33":{"start":{"line":84,"column":4},"end":{"line":89,"column":6}},"34":{"start":{"line":92,"column":30},"end":{"line":105,"column":1}},"35":{"start":{"line":93,"column":4},"end":{"line":93,"column":36}},"36":{"start":{"line":94,"column":21},"end":{"line":94,"column":80}},"37":{"start":{"line":96,"column":4},"end":{"line":98,"column":5}},"38":{"start":{"line":97,"column":8},"end":{"line":97,"column":49}},"39":{"start":{"line":99,"column":4},"end":{"line":104,"column":6}},"40":{"start":{"line":107,"column":0},"end":{"line":114,"column":1}}},"fnMap":{"0":{"name":"(anonymous_0)","decl":{"start":{"line":11,"column":23},"end":{"line":11,"column":24}},"loc":{"start":{"line":11,"column":43},"end":{"line":22,"column":1}},"line":11},"1":{"name":"(anonymous_1)","decl":{"start":{"line":24,"column":25},"end":{"line":24,"column":26}},"loc":{"start":{"line":24,"column":45},"end":{"line":45,"column":1}},"line":24},"2":{"name":"(anonymous_2)","decl":{"start":{"line":48,"column":24},"end":{"line":48,"column":25}},"loc":{"start":{"line":48,"column":44},"end":{"line":59,"column":1}},"line":48},"3":{"name":"(anonymous_3)","decl":{"start":{"line":61,"column":23},"end":{"line":61,"column":24}},"loc":{"start":{"line":61,"column":43},"end":{"line":77,"column":1}},"line":61},"4":{"name":"(anonymous_4)","decl":{"start":{"line":79,"column":23},"end":{"line":79,"column":24}},"loc":{"start":{"line":79,"column":43},"end":{"line":90,"column":1}},"line":79},"5":{"name":"(anonymous_5)","decl":{"start":{"line":92,"column":30},"end":{"line":92,"column":31}},"loc":{"start":{"line":92,"column":50},"end":{"line":105,"column":1}},"line":92}},"branchMap":{"0":{"loc":{"start":{"line":13,"column":4},"end":{"line":15,"column":5}},"type":"if","locations":[{"start":{"line":13,"column":4},"end":{"line":15,"column":5}},{"start":{},"end":{}}],"line":13},"1":{"loc":{"start":{"line":26,"column":4},"end":{"line":30,"column":5}},"type":"if","locations":[{"start":{"line":26,"column":4},"end":{"line":30,"column":5}},{"start":{"line":28,"column":11},"end":{"line":30,"column":5}}],"line":26},"2":{"loc":{"start":{"line":31,"column":4},"end":{"line":38,"column":5}},"type":"if","locations":[{"start":{"line":31,"column":4},"end":{"line":38,"column":5}},{"start":{},"end":{}}],"line":31},"3":{"loc":{"start":{"line":50,"column":4},"end":{"line":52,"column":5}},"type":"if","locations":[{"start":{"line":50,"column":4},"end":{"line":52,"column":5}},{"start":{},"end":{}}],"line":50},"4":{"loc":{"start":{"line":63,"column":4},"end":{"line":67,"column":5}},"type":"if","locations":[{"start":{"line":63,"column":4},"end":{"line":67,"column":5}},{"start":{},"end":{}}],"line":63},"5":{"loc":{"start":{"line":63,"column":7},"end":{"line":63,"column":54}},"type":"binary-expr","locations":[{"start":{"line":63,"column":7},"end":{"line":63,"column":26}},{"start":{"line":63,"column":30},"end":{"line":63,"column":54}}],"line":63},"6":{"loc":{"start":{"line":68,"column":4},"end":{"line":70,"column":5}},"type":"if","locations":[{"start":{"line":68,"column":4},"end":{"line":70,"column":5}},{"start":{},"end":{}}],"line":68},"7":{"loc":{"start":{"line":81,"column":4},"end":{"line":83,"column":5}},"type":"if","locations":[{"start":{"line":81,"column":4},"end":{"line":83,"column":5}},{"start":{},"end":{}}],"line":81},"8":{"loc":{"start":{"line":96,"column":4},"end":{"line":98,"column":5}},"type":"if","locations":[{"start":{"line":96,"column":4},"end":{"line":98,"column":5}},{"start":{},"end":{}}],"line":96}},"s":{"0":1,"1":1,"2":1,"3":1,"4":2,"5":2,"6":1,"7":1,"8":1,"9":3,"10":1,"11":2,"12":3,"13":1,"14":2,"15":1,"16":2,"17":2,"18":1,"19":1,"20":1,"21":3,"22":3,"23":1,"24":1,"25":1,"26":2,"27":1,"28":1,"29":1,"30":2,"31":2,"32":1,"33":1,"34":1,"35":2,"36":2,"37":2,"38":1,"39":1,"40":1},"f":{"0":2,"1":3,"2":2,"3":3,"4":2,"5":2},"b":{"0":[1,1],"1":[1,2],"2":[1,2],"3":[1,1],"4":[1,2],"5":[3,2],"6":[1,1],"7":[1,1],"8":[1,1]},"_coverageSchema":"1a1c01bbd47fc00a2c39e90264f33305004495a9","hash":"fdb7ae5848e603f4041a978dd8a086d20105ef50"}
,"/Users/sanketsingh/Developer/ecommerce_api_app/models/cart.js": {"path":"/Users/sanketsingh/Developer/ecommerce_api_app/models/cart.js","statementMap":{"0":{"start":{"line":4,"column":4},"end":{"line":4,"column":24}},"1":{"start":{"line":5,"column":0},"end":{"line":35,"column":2}},"2":{"start":{"line":14,"column":6},"end":{"line":16,"column":9}},"3":{"start":{"line":17,"column":6},"end":{"line":21,"column":8}},"4":{"start":{"line":24,"column":2},"end":{"line":33,"column":5}},"5":{"start":{"line":34,"column":2},"end":{"line":34,"column":14}}},"fnMap":{"0":{"name":"(anonymous_0)","decl":{"start":{"line":5,"column":17},"end":{"line":5,"column":18}},"loc":{"start":{"line":5,"column":43},"end":{"line":35,"column":1}},"line":5},"1":{"name":"(anonymous_1)","decl":{"start":{"line":12,"column":4},"end":{"line":12,"column":5}},"loc":{"start":{"line":12,"column":29},"end":{"line":22,"column":5}},"line":12}},"branchMap":{},"s":{"0":2,"1":2,"2":2,"3":2,"4":2,"5":2},"f":{"0":2,"1":2},"b":{},"_coverageSchema":"1a1c01bbd47fc00a2c39e90264f33305004495a9","hash":"51d1bb6d5ec20aa94e44b08a523aa2302b79c6d5"}
,"/Users/sanketsingh/Developer/ecommerce_api_app/models/cart_products.js": {"path":"/Users/sanketsingh/Developer/ecommerce_api_app/models/cart_products.js","statementMap":{"0":{"start":{"line":4,"column":4},"end":{"line":4,"column":24}},"1":{"start":{"line":5,"column":0},"end":{"line":27,"column":2}},"2":{"start":{"line":16,"column":2},"end":{"line":25,"column":5}},"3":{"start":{"line":26,"column":2},"end":{"line":26,"column":23}}},"fnMap":{"0":{"name":"(anonymous_0)","decl":{"start":{"line":5,"column":17},"end":{"line":5,"column":18}},"loc":{"start":{"line":5,"column":43},"end":{"line":27,"column":1}},"line":5},"1":{"name":"(anonymous_1)","decl":{"start":{"line":12,"column":4},"end":{"line":12,"column":5}},"loc":{"start":{"line":12,"column":29},"end":{"line":14,"column":5}},"line":12}},"branchMap":{},"s":{"0":2,"1":2,"2":2,"3":2},"f":{"0":2,"1":2},"b":{},"_coverageSchema":"1a1c01bbd47fc00a2c39e90264f33305004495a9","hash":"d29473b21228692ba6417bf8cbb8ab3d4a69dcfb"}
,"/Users/sanketsingh/Developer/ecommerce_api_app/models/category.js": {"path":"/Users/sanketsingh/Developer/ecommerce_api_app/models/category.js","statementMap":{"0":{"start":{"line":4,"column":4},"end":{"line":4,"column":24}},"1":{"start":{"line":5,"column":0},"end":{"line":31,"column":2}},"2":{"start":{"line":14,"column":6},"end":{"line":16,"column":9}},"3":{"start":{"line":19,"column":2},"end":{"line":29,"column":5}},"4":{"start":{"line":30,"column":2},"end":{"line":30,"column":18}}},"fnMap":{"0":{"name":"(anonymous_0)","decl":{"start":{"line":5,"column":17},"end":{"line":5,"column":18}},"loc":{"start":{"line":5,"column":43},"end":{"line":31,"column":1}},"line":5},"1":{"name":"(anonymous_1)","decl":{"start":{"line":12,"column":4},"end":{"line":12,"column":5}},"loc":{"start":{"line":12,"column":29},"end":{"line":17,"column":5}},"line":12}},"branchMap":{},"s":{"0":2,"1":2,"2":2,"3":2,"4":2},"f":{"0":2,"1":2},"b":{},"_coverageSchema":"1a1c01bbd47fc00a2c39e90264f33305004495a9","hash":"27b477e33c956e0c54682199b1540e13a5e32064"}
,"/Users/sanketsingh/Developer/ecommerce_api_app/models/index.js": {"path":"/Users/sanketsingh/Developer/ecommerce_api_app/models/index.js","statementMap":{"0":{"start":{"line":3,"column":11},"end":{"line":3,"column":24}},"1":{"start":{"line":4,"column":13},"end":{"line":4,"column":28}},"2":{"start":{"line":5,"column":18},"end":{"line":5,"column":38}},"3":{"start":{"line":6,"column":17},"end":{"line":6,"column":42}},"4":{"start":{"line":7,"column":12},"end":{"line":7,"column":49}},"5":{"start":{"line":8,"column":15},"end":{"line":8,"column":65}},"6":{"start":{"line":9,"column":11},"end":{"line":9,"column":13}},"7":{"start":{"line":12,"column":0},"end":{"line":16,"column":1}},"8":{"start":{"line":13,"column":2},"end":{"line":13,"column":74}},"9":{"start":{"line":15,"column":2},"end":{"line":15,"column":87}},"10":{"start":{"line":18,"column":0},"end":{"line":26,"column":5}},"11":{"start":{"line":21,"column":4},"end":{"line":21,"column":90}},"12":{"start":{"line":24,"column":18},"end":{"line":24,"column":85}},"13":{"start":{"line":25,"column":4},"end":{"line":25,"column":27}},"14":{"start":{"line":28,"column":0},"end":{"line":32,"column":3}},"15":{"start":{"line":29,"column":2},"end":{"line":31,"column":3}},"16":{"start":{"line":30,"column":4},"end":{"line":30,"column":32}},"17":{"start":{"line":34,"column":0},"end":{"line":34,"column":25}},"18":{"start":{"line":35,"column":0},"end":{"line":35,"column":25}},"19":{"start":{"line":37,"column":0},"end":{"line":37,"column":20}}},"fnMap":{"0":{"name":"(anonymous_0)","decl":{"start":{"line":20,"column":10},"end":{"line":20,"column":11}},"loc":{"start":{"line":20,"column":18},"end":{"line":22,"column":3}},"line":20},"1":{"name":"(anonymous_1)","decl":{"start":{"line":23,"column":11},"end":{"line":23,"column":12}},"loc":{"start":{"line":23,"column":19},"end":{"line":26,"column":3}},"line":23},"2":{"name":"(anonymous_2)","decl":{"start":{"line":28,"column":24},"end":{"line":28,"column":25}},"loc":{"start":{"line":28,"column":37},"end":{"line":32,"column":1}},"line":28}},"branchMap":{"0":{"loc":{"start":{"line":7,"column":12},"end":{"line":7,"column":49}},"type":"binary-expr","locations":[{"start":{"line":7,"column":12},"end":{"line":7,"column":32}},{"start":{"line":7,"column":36},"end":{"line":7,"column":49}}],"line":7},"1":{"loc":{"start":{"line":12,"column":0},"end":{"line":16,"column":1}},"type":"if","locations":[{"start":{"line":12,"column":0},"end":{"line":16,"column":1}},{"start":{"line":14,"column":7},"end":{"line":16,"column":1}}],"line":12},"2":{"loc":{"start":{"line":21,"column":11},"end":{"line":21,"column":89}},"type":"binary-expr","locations":[{"start":{"line":21,"column":12},"end":{"line":21,"column":35}},{"start":{"line":21,"column":41},"end":{"line":21,"column":58}},{"start":{"line":21,"column":64},"end":{"line":21,"column":88}}],"line":21},"3":{"loc":{"start":{"line":29,"column":2},"end":{"line":31,"column":3}},"type":"if","locations":[{"start":{"line":29,"column":2},"end":{"line":31,"column":3}},{"start":{},"end":{}}],"line":29}},"s":{"0":2,"1":2,"2":2,"3":2,"4":2,"5":2,"6":2,"7":2,"8":0,"9":2,"10":2,"11":14,"12":12,"13":12,"14":2,"15":12,"16":12,"17":2,"18":2,"19":2},"f":{"0":14,"1":12,"2":12},"b":{"0":[2,0],"1":[0,2],"2":[14,14,12],"3":[12,0]},"_coverageSchema":"1a1c01bbd47fc00a2c39e90264f33305004495a9","hash":"5b730c4378a240429515a16060063bd476d34efc"}
,"/Users/sanketsingh/Developer/ecommerce_api_app/models/product.js": {"path":"/Users/sanketsingh/Developer/ecommerce_api_app/models/product.js","statementMap":{"0":{"start":{"line":4,"column":4},"end":{"line":4,"column":24}},"1":{"start":{"line":5,"column":0},"end":{"line":37,"column":2}},"2":{"start":{"line":14,"column":6},"end":{"line":16,"column":9}},"3":{"start":{"line":17,"column":6},"end":{"line":21,"column":9}},"4":{"start":{"line":24,"column":2},"end":{"line":35,"column":5}},"5":{"start":{"line":36,"column":2},"end":{"line":36,"column":17}}},"fnMap":{"0":{"name":"(anonymous_0)","decl":{"start":{"line":5,"column":17},"end":{"line":5,"column":18}},"loc":{"start":{"line":5,"column":43},"end":{"line":37,"column":1}},"line":5},"1":{"name":"(anonymous_1)","decl":{"start":{"line":12,"column":4},"end":{"line":12,"column":5}},"loc":{"start":{"line":12,"column":29},"end":{"line":22,"column":5}},"line":12}},"branchMap":{},"s":{"0":2,"1":2,"2":2,"3":2,"4":2,"5":2},"f":{"0":2,"1":2},"b":{},"_coverageSchema":"1a1c01bbd47fc00a2c39e90264f33305004495a9","hash":"c3e779373898fa2a65eb2d58094e716f62bbf543"}
,"/Users/sanketsingh/Developer/ecommerce_api_app/models/role.js": {"path":"/Users/sanketsingh/Developer/ecommerce_api_app/models/role.js","statementMap":{"0":{"start":{"line":4,"column":4},"end":{"line":4,"column":24}},"1":{"start":{"line":5,"column":0},"end":{"line":32,"column":2}},"2":{"start":{"line":14,"column":6},"end":{"line":18,"column":9}},"3":{"start":{"line":21,"column":2},"end":{"line":30,"column":5}},"4":{"start":{"line":31,"column":2},"end":{"line":31,"column":14}}},"fnMap":{"0":{"name":"(anonymous_0)","decl":{"start":{"line":5,"column":17},"end":{"line":5,"column":18}},"loc":{"start":{"line":5,"column":43},"end":{"line":32,"column":1}},"line":5},"1":{"name":"(anonymous_1)","decl":{"start":{"line":12,"column":4},"end":{"line":12,"column":5}},"loc":{"start":{"line":12,"column":29},"end":{"line":19,"column":5}},"line":12}},"branchMap":{},"s":{"0":2,"1":2,"2":2,"3":2,"4":2},"f":{"0":2,"1":2},"b":{},"_coverageSchema":"1a1c01bbd47fc00a2c39e90264f33305004495a9","hash":"fb1d5da0c9f89d4559ae2afc3d6ffe83c4e29af7"}
,"/Users/sanketsingh/Developer/ecommerce_api_app/models/user.js": {"path":"/Users/sanketsingh/Developer/ecommerce_api_app/models/user.js","statementMap":{"0":{"start":{"line":4,"column":4},"end":{"line":4,"column":24}},"1":{"start":{"line":5,"column":15},"end":{"line":5,"column":32}},"2":{"start":{"line":7,"column":0},"end":{"line":55,"column":2}},"3":{"start":{"line":16,"column":6},"end":{"line":20,"column":9}},"4":{"start":{"line":22,"column":6},"end":{"line":24,"column":8}},"5":{"start":{"line":27,"column":2},"end":{"line":47,"column":5}},"6":{"start":{"line":49,"column":2},"end":{"line":52,"column":4}},"7":{"start":{"line":50,"column":30},"end":{"line":50,"column":95}},"8":{"start":{"line":51,"column":4},"end":{"line":51,"column":38}},"9":{"start":{"line":54,"column":2},"end":{"line":54,"column":14}}},"fnMap":{"0":{"name":"(anonymous_0)","decl":{"start":{"line":7,"column":17},"end":{"line":7,"column":18}},"loc":{"start":{"line":7,"column":43},"end":{"line":55,"column":1}},"line":7},"1":{"name":"(anonymous_1)","decl":{"start":{"line":14,"column":4},"end":{"line":14,"column":5}},"loc":{"start":{"line":14,"column":29},"end":{"line":25,"column":5}},"line":14},"2":{"name":"(anonymous_2)","decl":{"start":{"line":49,"column":20},"end":{"line":49,"column":21}},"loc":{"start":{"line":49,"column":36},"end":{"line":52,"column":3}},"line":49}},"branchMap":{},"s":{"0":2,"1":2,"2":2,"3":2,"4":2,"5":2,"6":2,"7":0,"8":0,"9":2},"f":{"0":2,"1":2,"2":0},"b":{},"_coverageSchema":"1a1c01bbd47fc00a2c39e90264f33305004495a9","hash":"7c21fdd428d5859f9cbeae54e3bb17a336ec6843"}
,"/Users/sanketsingh/Developer/ecommerce_api_app/services/category.service.js": {"path":"/Users/sanketsingh/Developer/ecommerce_api_app/services/category.service.js","statementMap":{"0":{"start":{"line":1,"column":28},"end":{"line":1,"column":54}},"1":{"start":{"line":3,"column":15},"end":{"line":14,"column":1}},"2":{"start":{"line":4,"column":4},"end":{"line":13,"column":5}},"3":{"start":{"line":5,"column":25},"end":{"line":8,"column":10}},"4":{"start":{"line":9,"column":8},"end":{"line":9,"column":24}},"5":{"start":{"line":11,"column":8},"end":{"line":11,"column":44}},"6":{"start":{"line":12,"column":8},"end":{"line":12,"column":25}},"7":{"start":{"line":16,"column":15},"end":{"line":23,"column":1}},"8":{"start":{"line":17,"column":4},"end":{"line":22,"column":5}},"9":{"start":{"line":18,"column":27},"end":{"line":18,"column":51}},"10":{"start":{"line":19,"column":8},"end":{"line":19,"column":26}},"11":{"start":{"line":21,"column":8},"end":{"line":21,"column":25}},"12":{"start":{"line":25,"column":16},"end":{"line":37,"column":1}},"13":{"start":{"line":26,"column":4},"end":{"line":36,"column":5}},"14":{"start":{"line":32,"column":25},"end":{"line":32,"column":60}},"15":{"start":{"line":33,"column":8},"end":{"line":33,"column":24}},"16":{"start":{"line":35,"column":8},"end":{"line":35,"column":25}},"17":{"start":{"line":39,"column":18},"end":{"line":51,"column":1}},"18":{"start":{"line":40,"column":4},"end":{"line":50,"column":5}},"19":{"start":{"line":41,"column":25},"end":{"line":45,"column":10}},"20":{"start":{"line":46,"column":8},"end":{"line":46,"column":30}},"21":{"start":{"line":47,"column":8},"end":{"line":47,"column":24}},"22":{"start":{"line":49,"column":8},"end":{"line":49,"column":25}},"23":{"start":{"line":53,"column":15},"end":{"line":65,"column":1}},"24":{"start":{"line":54,"column":4},"end":{"line":64,"column":5}},"25":{"start":{"line":55,"column":25},"end":{"line":55,"column":60}},"26":{"start":{"line":56,"column":8},"end":{"line":59,"column":9}},"27":{"start":{"line":57,"column":12},"end":{"line":57,"column":53}},"28":{"start":{"line":58,"column":12},"end":{"line":58,"column":22}},"29":{"start":{"line":60,"column":8},"end":{"line":60,"column":36}},"30":{"start":{"line":61,"column":8},"end":{"line":61,"column":24}},"31":{"start":{"line":63,"column":8},"end":{"line":63,"column":25}},"32":{"start":{"line":67,"column":16},"end":{"line":75,"column":1}},"33":{"start":{"line":68,"column":4},"end":{"line":74,"column":5}},"34":{"start":{"line":69,"column":25},"end":{"line":69,"column":60}},"35":{"start":{"line":70,"column":8},"end":{"line":70,"column":33}},"36":{"start":{"line":71,"column":8},"end":{"line":71,"column":20}},"37":{"start":{"line":73,"column":8},"end":{"line":73,"column":25}},"38":{"start":{"line":77,"column":20},"end":{"line":91,"column":1}},"39":{"start":{"line":78,"column":4},"end":{"line":90,"column":5}},"40":{"start":{"line":79,"column":25},"end":{"line":86,"column":10}},"41":{"start":{"line":87,"column":8},"end":{"line":87,"column":24}},"42":{"start":{"line":89,"column":8},"end":{"line":89,"column":25}},"43":{"start":{"line":93,"column":0},"end":{"line":101,"column":1}}},"fnMap":{"0":{"name":"(anonymous_0)","decl":{"start":{"line":3,"column":15},"end":{"line":3,"column":16}},"loc":{"start":{"line":3,"column":31},"end":{"line":14,"column":1}},"line":3},"1":{"name":"(anonymous_1)","decl":{"start":{"line":16,"column":15},"end":{"line":16,"column":16}},"loc":{"start":{"line":16,"column":27},"end":{"line":23,"column":1}},"line":16},"2":{"name":"(anonymous_2)","decl":{"start":{"line":25,"column":16},"end":{"line":25,"column":17}},"loc":{"start":{"line":25,"column":38},"end":{"line":37,"column":1}},"line":25},"3":{"name":"(anonymous_3)","decl":{"start":{"line":39,"column":18},"end":{"line":39,"column":19}},"loc":{"start":{"line":39,"column":42},"end":{"line":51,"column":1}},"line":39},"4":{"name":"(anonymous_4)","decl":{"start":{"line":53,"column":15},"end":{"line":53,"column":16}},"loc":{"start":{"line":53,"column":43},"end":{"line":65,"column":1}},"line":53},"5":{"name":"(anonymous_5)","decl":{"start":{"line":67,"column":16},"end":{"line":67,"column":17}},"loc":{"start":{"line":67,"column":38},"end":{"line":75,"column":1}},"line":67},"6":{"name":"(anonymous_6)","decl":{"start":{"line":77,"column":20},"end":{"line":77,"column":21}},"loc":{"start":{"line":77,"column":49},"end":{"line":91,"column":1}},"line":77}},"branchMap":{"0":{"loc":{"start":{"line":56,"column":8},"end":{"line":59,"column":9}},"type":"if","locations":[{"start":{"line":56,"column":8},"end":{"line":59,"column":9}},{"start":{},"end":{}}],"line":56}},"s":{"0":2,"1":2,"2":1,"3":1,"4":1,"5":0,"6":0,"7":2,"8":1,"9":1,"10":1,"11":0,"12":2,"13":1,"14":1,"15":1,"16":0,"17":2,"18":0,"19":0,"20":0,"21":0,"22":0,"23":2,"24":2,"25":2,"26":2,"27":1,"28":1,"29":1,"30":1,"31":0,"32":2,"33":0,"34":0,"35":0,"36":0,"37":0,"38":2,"39":0,"40":0,"41":0,"42":0,"43":2},"f":{"0":1,"1":1,"2":1,"3":0,"4":2,"5":0,"6":0},"b":{"0":[1,1]},"_coverageSchema":"1a1c01bbd47fc00a2c39e90264f33305004495a9","hash":"e9acb869e5ea78122e2da86089a3c564a71b7b43"}
,"/Users/sanketsingh/Developer/ecommerce_api_app/tests/controllers/mocker.js": {"path":"/Users/sanketsingh/Developer/ecommerce_api_app/tests/controllers/mocker.js","statementMap":{"0":{"start":{"line":1,"column":12},"end":{"line":1,"column":43}},"1":{"start":{"line":4,"column":16},"end":{"line":4,"column":18}},"2":{"start":{"line":5,"column":4},"end":{"line":5,"column":46}},"3":{"start":{"line":6,"column":4},"end":{"line":6,"column":48}},"4":{"start":{"line":7,"column":4},"end":{"line":7,"column":47}},"5":{"start":{"line":8,"column":4},"end":{"line":8,"column":15}},"6":{"start":{"line":12,"column":16},"end":{"line":12,"column":18}},"7":{"start":{"line":13,"column":4},"end":{"line":13,"column":46}},"8":{"start":{"line":14,"column":4},"end":{"line":14,"column":48}},"9":{"start":{"line":15,"column":4},"end":{"line":15,"column":46}},"10":{"start":{"line":16,"column":4},"end":{"line":16,"column":15}},"11":{"start":{"line":19,"column":0},"end":{"line":22,"column":1}}},"fnMap":{"0":{"name":"mockRequest","decl":{"start":{"line":3,"column":9},"end":{"line":3,"column":20}},"loc":{"start":{"line":3,"column":23},"end":{"line":9,"column":1}},"line":3},"1":{"name":"mockResponse","decl":{"start":{"line":11,"column":9},"end":{"line":11,"column":21}},"loc":{"start":{"line":11,"column":24},"end":{"line":17,"column":1}},"line":11}},"branchMap":{},"s":{"0":1,"1":14,"2":14,"3":14,"4":14,"5":14,"6":14,"7":14,"8":14,"9":14,"10":14,"11":1},"f":{"0":14,"1":14},"b":{},"_coverageSchema":"1a1c01bbd47fc00a2c39e90264f33305004495a9","hash":"19651a66bebc87f0e6e2ade544da469a073074ec"}
}
