TN:
SF:controllers/category.controller.js
FN:11,(anonymous_0)
FN:24,(anonymous_1)
FN:48,(anonymous_2)
FN:61,(anonymous_3)
FN:79,(anonymous_4)
FN:92,(anonymous_5)
FNF:6
FNH:6
FNDA:2,(anonymous_0)
FNDA:3,(anonymous_1)
FNDA:2,(anonymous_2)
FNDA:3,(anonymous_3)
FNDA:2,(anonymous_4)
FNDA:2,(anonymous_5)
DA:1,1
DA:2,1
DA:4,1
DA:11,1
DA:12,2
DA:13,2
DA:14,1
DA:16,1
DA:24,1
DA:26,3
DA:27,1
DA:29,2
DA:31,3
DA:32,1
DA:39,2
DA:48,1
DA:49,2
DA:50,2
DA:51,1
DA:53,1
DA:61,1
DA:62,3
DA:63,3
DA:64,1
DA:65,1
DA:66,1
DA:68,2
DA:69,1
DA:71,1
DA:79,1
DA:80,2
DA:81,2
DA:82,1
DA:84,1
DA:92,1
DA:93,2
DA:94,2
DA:96,2
DA:97,1
DA:99,1
DA:107,1
LF:41
LH:41
BRDA:13,0,0,1
BRDA:13,0,1,1
BRDA:26,1,0,1
BRDA:26,1,1,2
BRDA:31,2,0,1
BRDA:31,2,1,2
BRDA:50,3,0,1
BRDA:50,3,1,1
BRDA:63,4,0,1
BRDA:63,4,1,2
BRDA:63,5,0,3
BRDA:63,5,1,2
BRDA:68,6,0,1
BRDA:68,6,1,1
BRDA:81,7,0,1
BRDA:81,7,1,1
BRDA:96,8,0,1
BRDA:96,8,1,1
BRF:18
BRH:18
end_of_record
TN:
SF:models/cart.js
FN:5,(anonymous_0)
FN:12,(anonymous_1)
FNF:2
FNH:2
FNDA:2,(anonymous_0)
FNDA:2,(anonymous_1)
DA:4,2
DA:5,2
DA:14,2
DA:17,2
DA:24,2
DA:34,2
LF:6
LH:6
BRF:0
BRH:0
end_of_record
TN:
SF:models/cart_products.js
FN:5,(anonymous_0)
FN:12,(anonymous_1)
FNF:2
FNH:2
FNDA:2,(anonymous_0)
FNDA:2,(anonymous_1)
DA:4,2
DA:5,2
DA:16,2
DA:26,2
LF:4
LH:4
BRF:0
BRH:0
end_of_record
TN:
SF:models/category.js
FN:5,(anonymous_0)
FN:12,(anonymous_1)
FNF:2
FNH:2
FNDA:2,(anonymous_0)
FNDA:2,(anonymous_1)
DA:4,2
DA:5,2
DA:14,2
DA:19,2
DA:30,2
LF:5
LH:5
BRF:0
BRH:0
end_of_record
TN:
SF:models/index.js
FN:20,(anonymous_0)
FN:23,(anonymous_1)
FN:28,(anonymous_2)
FNF:3
FNH:3
FNDA:14,(anonymous_0)
FNDA:12,(anonymous_1)
FNDA:12,(anonymous_2)
DA:3,2
DA:4,2
DA:5,2
DA:6,2
DA:7,2
DA:8,2
DA:9,2
DA:12,2
DA:13,0
DA:15,2
DA:18,2
DA:21,14
DA:24,12
DA:25,12
DA:28,2
DA:29,12
DA:30,12
DA:34,2
DA:35,2
DA:37,2
LF:20
LH:19
BRDA:7,0,0,2
BRDA:7,0,1,0
BRDA:12,1,0,0
BRDA:12,1,1,2
BRDA:21,2,0,14
BRDA:21,2,1,14
BRDA:21,2,2,12
BRDA:29,3,0,12
BRDA:29,3,1,0
BRF:9
BRH:6
end_of_record
TN:
SF:models/product.js
FN:5,(anonymous_0)
FN:12,(anonymous_1)
FNF:2
FNH:2
FNDA:2,(anonymous_0)
FNDA:2,(anonymous_1)
DA:4,2
DA:5,2
DA:14,2
DA:17,2
DA:24,2
DA:36,2
LF:6
LH:6
BRF:0
BRH:0
end_of_record
TN:
SF:models/role.js
FN:5,(anonymous_0)
FN:12,(anonymous_1)
FNF:2
FNH:2
FNDA:2,(anonymous_0)
FNDA:2,(anonymous_1)
DA:4,2
DA:5,2
DA:14,2
DA:21,2
DA:31,2
LF:5
LH:5
BRF:0
BRH:0
end_of_record
TN:
SF:models/user.js
FN:7,(anonymous_0)
FN:14,(anonymous_1)
FN:49,(anonymous_2)
FNF:3
FNH:2
FNDA:2,(anonymous_0)
FNDA:2,(anonymous_1)
FNDA:0,(anonymous_2)
DA:4,2
DA:5,2
DA:7,2
DA:16,2
DA:22,2
DA:27,2
DA:49,2
DA:50,0
DA:51,0
DA:54,2
LF:10
LH:8
BRF:0
BRH:0
end_of_record
TN:
SF:services/category.service.js
FN:3,(anonymous_0)
FN:16,(anonymous_1)
FN:25,(anonymous_2)
FN:39,(anonymous_3)
FN:53,(anonymous_4)
FN:67,(anonymous_5)
FN:77,(anonymous_6)
FNF:7
FNH:4
FNDA:1,(anonymous_0)
FNDA:1,(anonymous_1)
FNDA:1,(anonymous_2)
FNDA:0,(anonymous_3)
FNDA:2,(anonymous_4)
FNDA:0,(anonymous_5)
FNDA:0,(anonymous_6)
DA:1,2
DA:3,2
DA:4,1
DA:5,1
DA:9,1
DA:11,0
DA:12,0
DA:16,2
DA:17,1
DA:18,1
DA:19,1
DA:21,0
DA:25,2
DA:26,1
DA:32,1
DA:33,1
DA:35,0
DA:39,2
DA:40,0
DA:41,0
DA:46,0
DA:47,0
DA:49,0
DA:53,2
DA:54,2
DA:55,2
DA:56,2
DA:57,1
DA:58,1
DA:60,1
DA:61,1
DA:63,0
DA:67,2
DA:68,0
DA:69,0
DA:70,0
DA:71,0
DA:73,0
DA:77,2
DA:78,0
DA:79,0
DA:87,0
DA:89,0
DA:93,2
LF:44
LH:25
BRDA:56,0,0,1
BRDA:56,0,1,1
BRF:2
BRH:2
end_of_record
TN:
SF:tests/controllers/mocker.js
FN:3,mockRequest
FN:11,mockResponse
FNF:2
FNH:2
FNDA:14,mockRequest
FNDA:14,mockResponse
DA:1,1
DA:4,14
DA:5,14
DA:6,14
DA:7,14
DA:8,14
DA:12,14
DA:13,14
DA:14,14
DA:15,14
DA:16,14
DA:19,1
LF:12
LH:12
BRF:0
BRH:0
end_of_record
